07-27 11:36:20.243  1962  2003 V BackupManagerService: restoreAtInstall pkg=com.android.todolist token=2 restoreSet=0
07-27 11:36:20.243  1962  2003 I InstallationStatistic: com.android.todolist|com.google.android.packageinstaller|1290|111|8|213|717|0
07-27 11:36:20.281  1962  2113 I MiuiCompatModePackages: package com.android.todolist updated, removing config
07-27 11:36:20.327  1962  1992 W BroadcastQueue: Background execution not allowed: receiving Intent { act=android.intent.action.PACKAGE_ADDED dat=package:com.android.todolist flg=0x4000010 (has extras) } to com.lbe.security.miui/com.lbe.security.service.BootReceiver
07-27 11:36:20.327  1962  1992 W BroadcastQueue: Background execution not allowed: receiving Intent { act=android.intent.action.PACKAGE_ADDED dat=package:com.android.todolist flg=0x4000010 (has extras) } to com.google.android.packageinstaller/com.android.packageinstaller.PackageInstalledReceiver
07-27 11:36:20.327  1962  1992 W BroadcastQueue: Background execution not allowed: receiving Intent { act=android.intent.action.PACKAGE_ADDED dat=package:com.android.todolist flg=0x4000010 (has extras) } to com.android.settings/.search.provider.UpdateReceiver
07-27 11:36:20.327  1962  1992 W BroadcastQueue: Background execution not allowed: receiving Intent { act=android.intent.action.PACKAGE_ADDED dat=package:com.android.todolist flg=0x4000010 (has extras) } to com.android.vending/com.google.android.finsky.packagemonitor.impl.PackageMonitorReceiverImpl$RegisteredReceiver
07-27 11:36:20.355  1962  1992 W BroadcastQueue: Background execution not allowed: receiving Intent { act=android.intent.action.PACKAGE_ADDED dat=package:com.android.todolist flg=0x4000010 (has extras) } to com.android.vending/com.google.android.finsky.packagemonitor.backgroundimpl.BackgroundPackageMonitorReceiverImpl$RegisteredReceiver
07-27 11:36:20.356  1962  1992 W BroadcastQueue: Background execution not allowed: receiving Intent { act=android.intent.action.PACKAGE_ADDED dat=package:com.android.todolist flg=0x4000010 (has extras) } to com.facebook.appmanager/com.facebook.oxygen.common.packages.event.manifest.ManifestPackageEventReceiver
07-27 11:36:20.356  1962  1992 W BroadcastQueue: Background execution not allowed: receiving Intent { act=android.intent.action.PACKAGE_ADDED dat=package:com.android.todolist flg=0x4000010 (has extras) } to com.google.android.gms/.games.chimera.GamesSystemBroadcastReceiverProxy
07-27 11:36:20.357  1962  1992 W BroadcastQueue: Background execution not allowed: receiving Intent { act=android.intent.action.PACKAGE_ADDED dat=package:com.android.todolist flg=0x4000010 (has extras) } to com.google.android.gms/.gass.chimera.PackageChangeBroadcastReceiver
07-27 11:36:20.357  1962  1992 W BroadcastQueue: Background execution not allowed: receiving Intent { act=android.intent.action.PACKAGE_ADDED dat=package:com.android.todolist flg=0x4000010 (has extras) } to com.google.android.gms/.chimera.GmsIntentOperationService$PersistentTrustedReceiver
07-27 11:36:20.357  1962  1992 W BroadcastQueue: Background execution not allowed: receiving Intent { act=android.intent.action.PACKAGE_ADDED dat=package:com.android.todolist flg=0x4000010 (has extras) } to com.google.android.googlequicksearchbox/com.google.android.apps.gsa.googlequicksearchbox.GelStubAppWatcher
07-27 11:36:20.357  1962  1992 W BroadcastQueue: Background execution not allowed: receiving Intent { act=android.intent.action.PACKAGE_ADDED dat=package:com.android.todolist flg=0x4000010 (has extras) } to com.miui.audioeffect/com.android.musicfx.Compatibility$Receiver
07-27 11:36:20.357  1962  1992 W BroadcastQueue: Background execution not allowed: receiving Intent { act=android.intent.action.PACKAGE_ADDED dat=package:com.android.todolist flg=0x4000010 (has extras) } to com.xiaomi.discover/com.xiaomi.market.data.MyPackageMonitor
07-27 11:36:20.393  1962  1992 W BroadcastQueue: Background execution not allowed: receiving Intent { act=android.intent.action.PACKAGE_ADDED dat=package:com.android.todolist flg=0x4000010 (has extras) } to com.xiaomi.misettings/.usagestats.AppTimerReceiver
07-27 11:36:20.463  1962  1992 W BroadcastQueue: Background execution not allowed: receiving Intent { act=android.intent.action.PACKAGE_ADDED dat=package:com.android.todolist flg=0x4000010 (has extras) } to by.euanpa.schedulegrodno/com.appodeal.ads.AppodealPackageAddedReceiver
07-27 11:36:20.852  1962  1992 W XSpaceManagerService: update XSpace App: packageName:com.android.todolist, user:UserHandle{0}, action:android.intent.action.PACKAGE_ADDED
07-27 11:39:44.854  1962  1992 I ActivityManager: Force stopping com.android.todolist appid=10242 user=0: deletePackageX
07-27 11:39:44.855  1962  1992 I AutoStartManagerService: MIUILOG- Reject RestartService packageName :com.android.todolist uid : 10242
07-27 11:39:45.207  1962  2003 I ActivityManager: Force stopping com.android.todolist appid=10242 user=0: pkg removed
07-27 11:39:45.207  1962  2003 I AutoStartManagerService: MIUILOG- Reject RestartService packageName :com.android.todolist uid : 10242
07-27 11:39:45.236  1962  1992 W BroadcastQueue: Background execution not allowed: receiving Intent { act=android.intent.action.PACKAGE_REMOVED dat=package:com.android.todolist flg=0x4000010 (has extras) } to com.lbe.security.miui/com.lbe.security.service.BootReceiver
07-27 11:39:45.236  1962  2003 I ActivityManager: Force stopping com.android.todolist appid=10242 user=0: pkg removed
07-27 11:39:45.245  1962  2003 E AppOps  : java.lang.SecurityException: Specified package com.android.todolist under uid 10242 but it is really -1
07-27 11:39:45.245  1962  2003 I AutoStartManagerService: MIUILOG- Reject RestartService packageName :com.android.todolist uid : 10242
07-27 11:39:45.262  1962  1992 W BroadcastQueue: Background execution not allowed: receiving Intent { act=android.intent.action.PACKAGE_REMOVED dat=package:com.android.todolist flg=0x4000010 (has extras) } to com.android.settings/.search.provider.UpdateReceiver
07-27 11:39:45.277  1962  1992 W BroadcastQueue: Background execution not allowed: receiving Intent { act=android.intent.action.PACKAGE_REMOVED dat=package:com.android.todolist flg=0x4000010 (has extras) } to com.android.vending/com.google.android.finsky.packagemonitor.impl.PackageMonitorReceiverImpl$RegisteredReceiver
07-27 11:39:45.297  1962  1992 W BroadcastQueue: Background execution not allowed: receiving Intent { act=android.intent.action.PACKAGE_REMOVED dat=package:com.android.todolist flg=0x4000010 (has extras) } to com.android.vending/com.google.android.finsky.packagemonitor.backgroundimpl.BackgroundPackageMonitorReceiverImpl$RegisteredReceiver
07-27 11:39:45.315  1962  1992 W BroadcastQueue: Background execution not allowed: receiving Intent { act=android.intent.action.PACKAGE_REMOVED dat=package:com.android.todolist flg=0x4000010 (has extras) } to com.android.vending/com.google.android.finsky.instantapps.appmanagement.InstantAppRemoveMonitor
07-27 11:39:45.316  1962  1992 W BroadcastQueue: Background execution not allowed: receiving Intent { act=android.intent.action.PACKAGE_REMOVED dat=package:com.android.todolist flg=0x4000010 (has extras) } to com.google.android.apps.maps/com.google.android.libraries.social.peoplekit.thirdparty.viewcontrollers.ThirdPartyReceiver
07-27 11:39:45.319  1962  1992 W BroadcastQueue: Background execution not allowed: receiving Intent { act=android.intent.action.PACKAGE_REMOVED dat=package:com.android.todolist flg=0x4000010 (has extras) } to com.google.android.gms/.games.chimera.GamesSystemBroadcastReceiverProxy
07-27 11:39:45.320  1962  1992 W BroadcastQueue: Background execution not allowed: receiving Intent { act=android.intent.action.PACKAGE_REMOVED dat=package:com.android.todolist flg=0x4000010 (has extras) } to com.google.android.gms/.chimera.GmsIntentOperationService$PersistentTrustedReceiver
07-27 11:39:45.320  1962  1992 W BroadcastQueue: Background execution not allowed: receiving Intent { act=android.intent.action.PACKAGE_REMOVED dat=package:com.android.todolist flg=0x4000010 (has extras) } to com.google.android.googlequicksearchbox/com.google.android.apps.gsa.googlequicksearchbox.GelStubAppWatcher
07-27 11:39:45.320  1962  1992 W BroadcastQueue: Background execution not allowed: receiving Intent { act=android.intent.action.PACKAGE_REMOVED dat=package:com.android.todolist flg=0x4000010 (has extras) } to com.miui.audioeffect/com.android.musicfx.Compatibility$Receiver
07-27 11:39:45.323  1962  1992 W BroadcastQueue: Background execution not allowed: receiving Intent { act=android.intent.action.PACKAGE_REMOVED dat=package:com.android.todolist flg=0x4000010 (has extras) } to com.xiaomi.discover/com.xiaomi.market.data.MyPackageMonitor
07-27 11:39:45.323  1962  1992 W BroadcastQueue: Background execution not allowed: receiving Intent { act=android.intent.action.PACKAGE_REMOVED dat=package:com.android.todolist flg=0x4000010 (has extras) } to com.xiaomi.misettings/.usagestats.AppTimerReceiver
07-27 11:39:45.323  1962  1992 W BroadcastQueue: Background execution not allowed: receiving Intent { act=android.intent.action.PACKAGE_REMOVED dat=package:com.android.todolist flg=0x4000010 (has extras) } to com.google.android.apps.photos/com.google.android.libraries.social.peoplekit.thirdparty.viewcontrollers.ThirdPartyReceiver
07-27 11:39:45.326  1962  1992 W BroadcastQueue: Background execution not allowed: receiving Intent { act=android.intent.action.PACKAGE_REMOVED dat=package:com.android.todolist flg=0x4000010 (has extras) } to com.google.android.videos/com.google.android.libraries.social.peoplekit.thirdparty.viewcontrollers.ThirdPartyReceiver
07-27 11:39:45.541  1962  1962 I ConditionProviders: Disallowing condition provider com.android.todolist
07-27 11:39:45.602  1962  1992 W XSpaceManagerService: update XSpace App: packageName:com.android.todolist, user:UserHandle{0}, action:android.intent.action.PACKAGE_REMOVED
07-27 11:39:48.695  1962  2292 W BroadcastQueueInjector: Unable to launch app com.google.android.apps.photos/10211 for broadcast Intent { act=android.intent.action.PACKAGE_FULLY_REMOVED dat=package:com.android.todolist flg=0x5000010 (has extras) }: process is not permitted to  auto start
07-27 11:39:48.706  1962  1992 W BroadcastQueueInjector: Unable to launch app com.google.android.apps.photos/10211 for broadcast Intent { act=android.intent.action.PACKAGE_FULLY_REMOVED dat=package:com.android.todolist flg=0x5000010 (has extras) }: process is not permitted to  auto start
07-27 11:39:48.706  1962  1992 W BroadcastQueueInjector: Unable to launch app com.google.android.videos/10204 for broadcast Intent { act=android.intent.action.PACKAGE_FULLY_REMOVED dat=package:com.android.todolist flg=0x5000010 (has extras) }: process is not permitted to  auto start
07-27 11:39:48.707  1962  1992 W BroadcastQueueInjector: Unable to launch app ru.yandex.searchplugin/10212 for broadcast Intent { act=android.intent.action.PACKAGE_FULLY_REMOVED dat=package:com.android.todolist flg=0x5000010 (has extras) }: process is not permitted to  auto start
07-27 11:57:23.861  1962  2003 V BackupManagerService: restoreAtInstall pkg=com.android.todolist token=3 restoreSet=0
07-27 11:57:23.862  1962  2003 I InstallationStatistic: com.android.todolist|com.google.android.packageinstaller|867|121|7|183|318|0
07-27 11:57:23.887  1962  2113 I MiuiCompatModePackages: package com.android.todolist updated, removing config
07-27 11:57:23.904  1962  1992 W BroadcastQueue: Background execution not allowed: receiving Intent { act=android.intent.action.PACKAGE_ADDED dat=package:com.android.todolist flg=0x4000010 (has extras) } to com.lbe.security.miui/com.lbe.security.service.BootReceiver
07-27 11:57:23.915  1962  1992 W BroadcastQueue: Background execution not allowed: receiving Intent { act=android.intent.action.PACKAGE_ADDED dat=package:com.android.todolist flg=0x4000010 (has extras) } to com.google.android.packageinstaller/com.android.packageinstaller.PackageInstalledReceiver
07-27 11:57:23.969  1962  1992 W BroadcastQueue: Background execution not allowed: receiving Intent { act=android.intent.action.PACKAGE_ADDED dat=package:com.android.todolist flg=0x4000010 (has extras) } to com.android.settings/.search.provider.UpdateReceiver
07-27 11:57:23.970  1962  1992 W BroadcastQueue: Background execution not allowed: receiving Intent { act=android.intent.action.PACKAGE_ADDED dat=package:com.android.todolist flg=0x4000010 (has extras) } to com.android.vending/com.google.android.finsky.packagemonitor.impl.PackageMonitorReceiverImpl$RegisteredReceiver
07-27 11:57:23.970  1962  1992 W BroadcastQueue: Background execution not allowed: receiving Intent { act=android.intent.action.PACKAGE_ADDED dat=package:com.android.todolist flg=0x4000010 (has extras) } to com.android.vending/com.google.android.finsky.packagemonitor.backgroundimpl.BackgroundPackageMonitorReceiverImpl$RegisteredReceiver
07-27 11:57:23.970  1962  1992 W BroadcastQueue: Background execution not allowed: receiving Intent { act=android.intent.action.PACKAGE_ADDED dat=package:com.android.todolist flg=0x4000010 (has extras) } to com.facebook.appmanager/com.facebook.oxygen.common.packages.event.manifest.ManifestPackageEventReceiver
07-27 11:57:23.970  1962  1992 W BroadcastQueue: Background execution not allowed: receiving Intent { act=android.intent.action.PACKAGE_ADDED dat=package:com.android.todolist flg=0x4000010 (has extras) } to com.google.android.gms/.games.chimera.GamesSystemBroadcastReceiverProxy
07-27 11:57:23.978  1962  1992 W BroadcastQueue: Background execution not allowed: receiving Intent { act=android.intent.action.PACKAGE_ADDED dat=package:com.android.todolist flg=0x4000010 (has extras) } to com.google.android.gms/.gass.chimera.PackageChangeBroadcastReceiver
07-27 11:57:23.986  1962  1992 W BroadcastQueue: Background execution not allowed: receiving Intent { act=android.intent.action.PACKAGE_ADDED dat=package:com.android.todolist flg=0x4000010 (has extras) } to com.google.android.gms/.chimera.GmsIntentOperationService$PersistentTrustedReceiver
07-27 11:57:23.987  1962  1992 W BroadcastQueue: Background execution not allowed: receiving Intent { act=android.intent.action.PACKAGE_ADDED dat=package:com.android.todolist flg=0x4000010 (has extras) } to com.google.android.googlequicksearchbox/com.google.android.apps.gsa.googlequicksearchbox.GelStubAppWatcher
07-27 11:57:23.987  1962  1992 W BroadcastQueue: Background execution not allowed: receiving Intent { act=android.intent.action.PACKAGE_ADDED dat=package:com.android.todolist flg=0x4000010 (has extras) } to com.miui.audioeffect/com.android.musicfx.Compatibility$Receiver
07-27 11:57:23.987  1962  1992 W BroadcastQueue: Background execution not allowed: receiving Intent { act=android.intent.action.PACKAGE_ADDED dat=package:com.android.todolist flg=0x4000010 (has extras) } to com.xiaomi.discover/com.xiaomi.market.data.MyPackageMonitor
07-27 11:57:23.987  1962  1992 W BroadcastQueue: Background execution not allowed: receiving Intent { act=android.intent.action.PACKAGE_ADDED dat=package:com.android.todolist flg=0x4000010 (has extras) } to com.xiaomi.misettings/.usagestats.AppTimerReceiver
07-27 11:57:23.987  1962  1992 W BroadcastQueue: Background execution not allowed: receiving Intent { act=android.intent.action.PACKAGE_ADDED dat=package:com.android.todolist flg=0x4000010 (has extras) } to by.euanpa.schedulegrodno/com.appodeal.ads.AppodealPackageAddedReceiver
07-27 11:57:25.004  1962  1992 W XSpaceManagerService: update XSpace App: packageName:com.android.todolist, user:UserHandle{0}, action:android.intent.action.PACKAGE_ADDED
07-27 12:07:07.530  1962  1992 I ActivityManager: Force stopping com.android.todolist appid=10243 user=0: deletePackageX
07-27 12:07:07.531  1962  1992 I AutoStartManagerService: MIUILOG- Reject RestartService packageName :com.android.todolist uid : 10243
07-27 12:07:07.874  1962  2003 I ActivityManager: Force stopping com.android.todolist appid=10243 user=0: pkg removed
07-27 12:07:07.874  1962  2003 I AutoStartManagerService: MIUILOG- Reject RestartService packageName :com.android.todolist uid : 10243
07-27 12:07:07.902  1962  1992 W BroadcastQueue: Background execution not allowed: receiving Intent { act=android.intent.action.PACKAGE_REMOVED dat=package:com.android.todolist flg=0x4000010 (has extras) } to com.lbe.security.miui/com.lbe.security.service.BootReceiver
07-27 12:07:07.903  1962  1992 W BroadcastQueue: Background execution not allowed: receiving Intent { act=android.intent.action.PACKAGE_REMOVED dat=package:com.android.todolist flg=0x4000010 (has extras) } to com.android.settings/.search.provider.UpdateReceiver
07-27 12:07:07.908  1962  1992 W BroadcastQueue: Background execution not allowed: receiving Intent { act=android.intent.action.PACKAGE_REMOVED dat=package:com.android.todolist flg=0x4000010 (has extras) } to com.android.vending/com.google.android.finsky.packagemonitor.impl.PackageMonitorReceiverImpl$RegisteredReceiver
07-27 12:07:07.909  1962  1992 W BroadcastQueue: Background execution not allowed: receiving Intent { act=android.intent.action.PACKAGE_REMOVED dat=package:com.android.todolist flg=0x4000010 (has extras) } to com.android.vending/com.google.android.finsky.packagemonitor.backgroundimpl.BackgroundPackageMonitorReceiverImpl$RegisteredReceiver
07-27 12:07:07.909  1962  1992 W BroadcastQueue: Background execution not allowed: receiving Intent { act=android.intent.action.PACKAGE_REMOVED dat=package:com.android.todolist flg=0x4000010 (has extras) } to com.android.vending/com.google.android.finsky.instantapps.appmanagement.InstantAppRemoveMonitor
07-27 12:07:07.909  1962  1992 W BroadcastQueue: Background execution not allowed: receiving Intent { act=android.intent.action.PACKAGE_REMOVED dat=package:com.android.todolist flg=0x4000010 (has extras) } to com.google.android.apps.maps/com.google.android.libraries.social.peoplekit.thirdparty.viewcontrollers.ThirdPartyReceiver
07-27 12:07:07.910  1962  1992 W BroadcastQueue: Background execution not allowed: receiving Intent { act=android.intent.action.PACKAGE_REMOVED dat=package:com.android.todolist flg=0x4000010 (has extras) } to com.google.android.gms/.games.chimera.GamesSystemBroadcastReceiverProxy
07-27 12:07:07.910  1962  2003 I ActivityManager: Force stopping com.android.todolist appid=10243 user=0: pkg removed
07-27 12:07:07.911  1962  2003 E AppOps  : java.lang.SecurityException: Specified package com.android.todolist under uid 10243 but it is really -1
07-27 12:07:07.911  1962  2003 I AutoStartManagerService: MIUILOG- Reject RestartService packageName :com.android.todolist uid : 10243
07-27 12:07:07.940  1962  1992 W BroadcastQueue: Background execution not allowed: receiving Intent { act=android.intent.action.PACKAGE_REMOVED dat=package:com.android.todolist flg=0x4000010 (has extras) } to com.google.android.gms/.chimera.GmsIntentOperationService$PersistentTrustedReceiver
07-27 12:07:07.978  1962  1992 W BroadcastQueue: Background execution not allowed: receiving Intent { act=android.intent.action.PACKAGE_REMOVED dat=package:com.android.todolist flg=0x4000010 (has extras) } to com.google.android.googlequicksearchbox/com.google.android.apps.gsa.googlequicksearchbox.GelStubAppWatcher
07-27 12:07:07.979  1962  1992 W BroadcastQueue: Background execution not allowed: receiving Intent { act=android.intent.action.PACKAGE_REMOVED dat=package:com.android.todolist flg=0x4000010 (has extras) } to com.miui.audioeffect/com.android.musicfx.Compatibility$Receiver
07-27 12:07:07.985  1962  1992 W BroadcastQueue: Background execution not allowed: receiving Intent { act=android.intent.action.PACKAGE_REMOVED dat=package:com.android.todolist flg=0x4000010 (has extras) } to com.xiaomi.discover/com.xiaomi.market.data.MyPackageMonitor
07-27 12:07:07.986  1962  1992 W BroadcastQueue: Background execution not allowed: receiving Intent { act=android.intent.action.PACKAGE_REMOVED dat=package:com.android.todolist flg=0x4000010 (has extras) } to com.xiaomi.misettings/.usagestats.AppTimerReceiver
07-27 12:07:07.987  1962  1992 W BroadcastQueue: Background execution not allowed: receiving Intent { act=android.intent.action.PACKAGE_REMOVED dat=package:com.android.todolist flg=0x4000010 (has extras) } to com.google.android.apps.photos/com.google.android.libraries.social.peoplekit.thirdparty.viewcontrollers.ThirdPartyReceiver
07-27 12:07:07.988  1962  1992 W BroadcastQueue: Background execution not allowed: receiving Intent { act=android.intent.action.PACKAGE_REMOVED dat=package:com.android.todolist flg=0x4000010 (has extras) } to com.google.android.videos/com.google.android.libraries.social.peoplekit.thirdparty.viewcontrollers.ThirdPartyReceiver
07-27 12:07:08.237  1962  1962 I ConditionProviders: Disallowing condition provider com.android.todolist
07-27 12:07:08.307  1962  1992 W XSpaceManagerService: update XSpace App: packageName:com.android.todolist, user:UserHandle{0}, action:android.intent.action.PACKAGE_REMOVED
07-27 12:07:17.056  1962  2003 V BackupManagerService: restoreAtInstall pkg=com.android.todolist token=4 restoreSet=0
07-27 12:07:17.057  1962  2003 I InstallationStatistic: com.android.todolist|null|5979|150|14|4859|646|0
07-27 12:07:17.076  1962  2113 I MiuiCompatModePackages: package com.android.todolist updated, removing config
07-27 12:07:17.265  1962  1992 W XSpaceManagerService: update XSpace App: packageName:com.android.todolist, user:UserHandle{0}, action:android.intent.action.PACKAGE_ADDED
07-27 12:07:20.901  1962  3403 W BroadcastQueueInjector: Unable to launch app com.google.android.apps.photos/10211 for broadcast Intent { act=android.intent.action.PACKAGE_FULLY_REMOVED dat=package:com.android.todolist flg=0x5000010 (has extras) }: process is not permitted to  auto start
07-27 12:07:20.903  1962  1992 W BroadcastQueueInjector: Unable to launch app com.google.android.apps.photos/10211 for broadcast Intent { act=android.intent.action.PACKAGE_FULLY_REMOVED dat=package:com.android.todolist flg=0x5000010 (has extras) }: process is not permitted to  auto start
07-27 12:07:20.904  1962  1992 W BroadcastQueueInjector: Unable to launch app com.google.android.videos/10204 for broadcast Intent { act=android.intent.action.PACKAGE_FULLY_REMOVED dat=package:com.android.todolist flg=0x5000010 (has extras) }: process is not permitted to  auto start
07-27 12:07:20.904  1962  1992 W BroadcastQueueInjector: Unable to launch app ru.yandex.searchplugin/10212 for broadcast Intent { act=android.intent.action.PACKAGE_FULLY_REMOVED dat=package:com.android.todolist flg=0x5000010 (has extras) }: process is not permitted to  auto start
07-27 12:07:21.106  1962  1992 W BroadcastQueue: Background execution not allowed: receiving Intent { act=android.intent.action.PACKAGE_ADDED dat=package:com.android.todolist flg=0x4000010 (has extras) } to com.lbe.security.miui/com.lbe.security.service.BootReceiver
07-27 12:07:21.106  1962  1992 W BroadcastQueue: Background execution not allowed: receiving Intent { act=android.intent.action.PACKAGE_ADDED dat=package:com.android.todolist flg=0x4000010 (has extras) } to com.google.android.packageinstaller/com.android.packageinstaller.PackageInstalledReceiver
07-27 12:07:21.106  1962  1992 W BroadcastQueue: Background execution not allowed: receiving Intent { act=android.intent.action.PACKAGE_ADDED dat=package:com.android.todolist flg=0x4000010 (has extras) } to com.android.settings/.search.provider.UpdateReceiver
07-27 12:07:21.107  1962  1992 W BroadcastQueue: Background execution not allowed: receiving Intent { act=android.intent.action.PACKAGE_ADDED dat=package:com.android.todolist flg=0x4000010 (has extras) } to com.facebook.appmanager/com.facebook.oxygen.common.packages.event.manifest.ManifestPackageEventReceiver
07-27 12:07:21.107  1962  1992 W BroadcastQueue: Background execution not allowed: receiving Intent { act=android.intent.action.PACKAGE_ADDED dat=package:com.android.todolist flg=0x4000010 (has extras) } to com.google.android.gms/.games.chimera.GamesSystemBroadcastReceiverProxy
07-27 12:07:21.107  1962  1992 W BroadcastQueue: Background execution not allowed: receiving Intent { act=android.intent.action.PACKAGE_ADDED dat=package:com.android.todolist flg=0x4000010 (has extras) } to com.google.android.gms/.gass.chimera.PackageChangeBroadcastReceiver
07-27 12:07:21.107  1962  1992 W BroadcastQueue: Background execution not allowed: receiving Intent { act=android.intent.action.PACKAGE_ADDED dat=package:com.android.todolist flg=0x4000010 (has extras) } to com.google.android.gms/.chimera.GmsIntentOperationService$PersistentTrustedReceiver
07-27 12:07:21.107  1962  1992 W BroadcastQueue: Background execution not allowed: receiving Intent { act=android.intent.action.PACKAGE_ADDED dat=package:com.android.todolist flg=0x4000010 (has extras) } to com.google.android.googlequicksearchbox/com.google.android.apps.gsa.googlequicksearchbox.GelStubAppWatcher
07-27 12:07:21.107  1962  1992 W BroadcastQueue: Background execution not allowed: receiving Intent { act=android.intent.action.PACKAGE_ADDED dat=package:com.android.todolist flg=0x4000010 (has extras) } to com.miui.audioeffect/com.android.musicfx.Compatibility$Receiver
07-27 12:07:21.107  1962  1992 W BroadcastQueue: Background execution not allowed: receiving Intent { act=android.intent.action.PACKAGE_ADDED dat=package:com.android.todolist flg=0x4000010 (has extras) } to com.xiaomi.discover/com.xiaomi.market.data.MyPackageMonitor
07-27 12:07:21.107  1962  1992 W BroadcastQueue: Background execution not allowed: receiving Intent { act=android.intent.action.PACKAGE_ADDED dat=package:com.android.todolist flg=0x4000010 (has extras) } to com.xiaomi.misettings/.usagestats.AppTimerReceiver
07-27 12:07:21.107  1962  1992 W BroadcastQueue: Background execution not allowed: receiving Intent { act=android.intent.action.PACKAGE_ADDED dat=package:com.android.todolist flg=0x4000010 (has extras) } to by.euanpa.schedulegrodno/com.appodeal.ads.AppodealPackageAddedReceiver
07-27 12:07:21.556  1962  3394 W BroadcastQueue: Background execution not allowed: receiving Intent { act=android.intent.action.PACKAGE_ADDED dat=package:com.android.todolist flg=0x4000010 (has extras) } to com.android.vending/com.google.android.finsky.packagemonitor.impl.PackageMonitorReceiverImpl$RegisteredReceiver
07-27 12:07:21.560  1962  1992 W BroadcastQueue: Background execution not allowed: receiving Intent { act=android.intent.action.PACKAGE_ADDED dat=package:com.android.todolist flg=0x4000010 (has extras) } to com.android.vending/com.google.android.finsky.packagemonitor.backgroundimpl.BackgroundPackageMonitorReceiverImpl$RegisteredReceiver
07-27 12:08:14.120  1962  3317 I ActivityTaskManager: START u0 {act=android.intent.action.MAIN cat=[android.intent.category.LAUNCHER] flg=0x10200000 cmp=com.android.todolist/.MainActivity bnds=[844,779][1012,947] (has extras)} from uid 10092
07-27 12:08:14.170  1962  1993 D Boost   : hostingType=activity, hostingName={com.android.todolist/com.android.todolist.MainActivity}, callerPackage=com.miui.home, isSystem=true, isBoostNeeded=false.
07-27 12:08:14.172  1962  1993 I ActivityManager: Start proc 29716:com.android.todolist/u0a244 for activity {com.android.todolist/com.android.todolist.MainActivity} caller=com.miui.home
07-27 12:08:14.865 29716 29716 W Looper  : Slow Looper main: Activity com.android.todolist/.MainActivity is 576ms late (wall=0ms running=0ms ClientTransaction{ callbacks=[android.app.servertransaction.TopResumedActivityChangeItem] }) because of 2 msg, msg 1 took 231ms (seq=2 running=209ms runnable=4ms io=2ms late=1ms h=android.app.ActivityThread$H w=110), msg 2 took 360ms (seq=3 running=313ms runnable=5ms io=12ms late=217ms h=android.app.ActivityThread$H w=159)
07-27 12:08:15.090  1962  1983 I Timeline: Timeline: Activity_windows_visible id: ActivityRecord{fdffb96 u0 com.android.todolist/.MainActivity t90} time:3131078
07-27 12:09:26.091 29716 29716 W ActivityThread: SCHED: com.android.todolist/.MainActivity [96, r=220ms, a=9ms, w=71255ms]
07-27 12:09:31.511  1962  1983 I Timeline: Timeline: Activity_windows_visible id: ActivityRecord{fdffb96 u0 com.android.todolist/.MainActivity t90} time:3207499
07-27 12:09:32.344 29716 29716 W ActivityThread: SCHED: com.android.todolist/.MainActivity [67, r=27ms, a=13ms, w=1141ms]
07-27 12:10:22.751  1962  3438 I ActivityTaskManager: START u0 {act=android.intent.action.VIEW dat=content://com.mi.android.globalFileexplorer.myprovider/external_files/DCIM/Screenshots/Screenshot_2023-07-27-12-08-24-407_com.android.todolist.jpg typ=image/jpeg flg=0x1 pkg=com.miui.gallery cmp=com.miui.gallery/.activity.ExternalPhotoPageActivity (has extras)} from uid 10148
07-27 12:11:45.938  1962  2311 I ActivityTaskManager: START u0 {act=android.intent.action.MAIN cat=[android.intent.category.LAUNCHER] flg=0x10200000 cmp=com.android.todolist/.MainActivity bnds=[841,775][1009,943] (has extras)} from uid 10092
07-27 12:11:46.279  1962  1983 I Timeline: Timeline: Activity_windows_visible id: ActivityRecord{fdffb96 u0 com.android.todolist/.MainActivity t90} time:3342266
07-27 12:12:42.321 29716 29716 W ActivityThread: SCHED: com.android.todolist/.MainActivity [96, r=63ms, a=2ms, w=56333ms]
07-27 12:12:43.722  1962  1983 I Timeline: Timeline: Activity_windows_visible id: ActivityRecord{fdffb96 u0 com.android.todolist/.MainActivity t90} time:3399710
07-27 12:12:45.265 29716 29716 W ActivityThread: SCHED: com.android.todolist/.MainActivity [70, r=55ms, a=23ms, w=1858ms]
07-27 12:12:46.300  1962  3377 I ActivityTaskManager: START u0 {act=android.intent.action.MAIN cat=[android.intent.category.LAUNCHER] flg=0x10200000 cmp=com.android.todolist/.MainActivity bnds=[845,780][1013,948] (has extras)} from uid 10092
07-27 12:12:46.640  1962  1983 I Timeline: Timeline: Activity_windows_visible id: ActivityRecord{fdffb96 u0 com.android.todolist/.MainActivity t90} time:3402628
07-27 12:13:00.738 29716 29716 W ActivityThread: SCHED: com.android.todolist/.MainActivity [96, r=54ms, a=2ms, w=14399ms]
07-27 12:18:08.169  1962  6846 I ActivityTaskManager: START u0 {act=android.intent.action.MAIN cat=[android.intent.category.LAUNCHER] flg=0x10200000 cmp=com.android.todolist/.MainActivity bnds=[845,780][1013,948] (has extras)} from uid 10092
07-27 12:18:08.504  1962  1983 I Timeline: Timeline: Activity_windows_visible id: ActivityRecord{fdffb96 u0 com.android.todolist/.MainActivity t90} time:3724491
07-27 12:18:21.624 29716 29716 W ActivityThread: SCHED: com.android.todolist/.MainActivity [72, r=66ms, a=25ms, w=13411ms]
07-27 12:18:22.024  1962  1983 I Timeline: Timeline: Activity_windows_visible id: ActivityRecord{fdffb96 u0 com.android.todolist/.MainActivity t90} time:3738012
07-27 12:18:25.413 29716 29716 W ActivityThread: SCHED: com.android.todolist/.MainActivity [95, r=209ms, a=9ms, w=3528ms]
07-27 12:18:25.685  1962  1983 I Timeline: Timeline: Activity_windows_visible id: ActivityRecord{fdffb96 u0 com.android.todolist/.MainActivity t90} time:3741673
07-27 12:18:25.697  1962  1983 I WindowManager: Screen frozen for +419ms due to Window{987cc2a u0 com.android.todolist/com.android.todolist.MainActivity}
07-27 12:19:22.432 29716 29716 W ActivityThread: SCHED: com.android.todolist/.MainActivity [96, r=211ms, a=7ms, w=56878ms]
07-27 12:19:26.481  1962  4319 D PackageManagerServiceInjector: Skip dexopt on: /data/user/0/com.lenovo.anyshare.gps/app_pccache/5/7B8F7DD4852F73BBFA173EB6B41A78FEF0FC34F5/pcam.jar, because com.lenovo.anyshare.gps is not current resumed. Current resumed is: com.android.todolist
07-27 12:19:28.473  1962  4319 D PackageManagerServiceInjector: Skip dexopt on: /data/user/0/com.lenovo.anyshare.gps/app_pccache/5/7B8F7DD4852F73BBFA173EB6B41A78FEF0FC34F5/pcam.jar, because com.lenovo.anyshare.gps is not current resumed. Current resumed is: com.android.todolist
07-27 12:20:09.196 29716 29716 W ActivityThread: SCHED: com.android.todolist/.MainActivity [75, r=12ms, a=4ms, w=44675ms]
07-27 12:20:09.911  1962  1980 I WindowManager: Waiting for drawn Window{987cc2a u0 com.android.todolist/com.android.todolist.MainActivity}: removed=false visible=true mHasSurface=true drawState=1
07-27 12:20:09.913  1962  1983 I WindowManager: Waiting for drawn Window{987cc2a u0 com.android.todolist/com.android.todolist.MainActivity}: removed=false visible=true mHasSurface=true drawState=1
07-27 12:20:09.921  1962  1983 I WindowManager: Waiting for drawn Window{987cc2a u0 com.android.todolist/com.android.todolist.MainActivity}: removed=false visible=true mHasSurface=true drawState=3
07-27 12:20:09.923  1962  1983 I WindowManager: Waiting for drawn Window{987cc2a u0 com.android.todolist/com.android.todolist.MainActivity}: removed=false visible=true mHasSurface=true drawState=4
07-27 12:20:09.923  1962  1983 I WindowManager: Window drawn win=Window{987cc2a u0 com.android.todolist/com.android.todolist.MainActivity}
07-27 12:20:10.184  1962  1983 I Timeline: Timeline: Activity_windows_visible id: ActivityRecord{fdffb96 u0 com.android.todolist/.MainActivity t90} time:3846172
07-27 12:20:11.182 29716 29716 W ActivityThread: SCHED: com.android.todolist/.MainActivity [67, r=29ms, a=14ms, w=1315ms]
07-27 12:22:12.927  1962  1983 I Timeline: Timeline: Activity_windows_visible id: ActivityRecord{fdffb96 u0 com.android.todolist/.MainActivity t90} time:3968915
07-27 12:23:12.839 29716 29716 W ActivityThread: SCHED: com.android.todolist/.MainActivity [93, r=58ms, a=4ms, w=60267ms]
07-27 12:25:26.909  1962  1983 I Timeline: Timeline: Activity_windows_visible id: ActivityRecord{fdffb96 u0 com.android.todolist/.MainActivity t90} time:4162897
07-27 12:25:29.308 29716 29716 W ActivityThread: SCHED: com.android.todolist/.MainActivity [86, r=51ms, a=8ms, w=2720ms]
07-27 12:25:30.827  1962  1976 I ActivityTaskManager: START u0 {act=android.intent.action.MAIN cat=[android.intent.category.LAUNCHER] flg=0x10200000 cmp=com.android.todolist/.MainActivity bnds=[843,777][1011,945] (has extras)} from uid 10092
07-27 12:25:31.161  1962  1983 I Timeline: Timeline: Activity_windows_visible id: ActivityRecord{fdffb96 u0 com.android.todolist/.MainActivity t90} time:4167148
07-27 12:25:32.460 29716 29716 W ActivityThread: SCHED: com.android.todolist/.MainActivity [81, r=30ms, a=7ms, w=1588ms]
07-27 12:25:32.836  1962  1983 I Timeline: Timeline: Activity_windows_visible id: ActivityRecord{fdffb96 u0 com.android.todolist/.MainActivity t90} time:4168824
07-27 12:25:32.847  1962  1983 I WindowManager: Screen frozen for +531ms due to Window{93c2a12 u0 com.android.todolist/com.android.todolist.MainActivity}
07-27 12:25:34.734 29716 29716 W ActivityThread: SCHED: com.android.todolist/.MainActivity [95, r=208ms, a=10ms, w=2052ms]
07-27 12:25:35.018  1962  1983 I Timeline: Timeline: Activity_windows_visible id: ActivityRecord{fdffb96 u0 com.android.todolist/.MainActivity t90} time:4171006
07-27 12:25:35.031  1962  1983 I WindowManager: Screen frozen for +427ms due to Window{f4194e6 u0 com.android.todolist/com.android.todolist.MainActivity}
07-27 12:25:42.544 29716 29716 W ActivityThread: SCHED: com.android.todolist/.MainActivity [96, r=192ms, a=7ms, w=7654ms]
07-27 12:29:40.221  1962  6846 I ActivityTaskManager: START u0 {act=android.intent.action.MAIN cat=[android.intent.category.LAUNCHER] flg=0x10200000 cmp=com.android.todolist/.MainActivity bnds=[843,777][1011,945] (has extras)} from uid 10092
07-27 12:29:40.545  1962  1983 I Timeline: Timeline: Activity_windows_visible id: ActivityRecord{fdffb96 u0 com.android.todolist/.MainActivity t90} time:4416533
07-27 12:31:09.081 29716 29716 W ActivityThread: SCHED: com.android.todolist/.MainActivity [93, r=73ms, a=5ms, w=88812ms]
07-27 12:34:35.993  1962  1983 I Timeline: Timeline: Activity_windows_visible id: ActivityRecord{fdffb96 u0 com.android.todolist/.MainActivity t90} time:4711980
07-27 12:35:36.019 29716 29716 W ActivityThread: SCHED: com.android.todolist/.MainActivity [94, r=51ms, a=3ms, w=60330ms]
07-27 12:41:35.548  1962  1983 I Timeline: Timeline: Activity_windows_visible id: ActivityRecord{fdffb96 u0 com.android.todolist/.MainActivity t90} time:5131536
07-27 12:41:36.815 29716 29716 W ActivityThread: SCHED: com.android.todolist/.MainActivity [49, r=77ms, a=79ms, w=2007ms]
07-27 12:41:38.292  1962  6665 I ProcessManager: OneKeyClean: kill com.android.todolist Adj=905 State=20
07-27 12:41:38.297  1962  6665 I ActivityManager: Killing 29716:com.android.todolist/u0a244 (adj 905): OneKeyClean
07-27 12:43:35.389  1962  1992 I ActivityManager: Force stopping com.android.todolist appid=10244 user=-1: deletePackageX
07-27 12:43:36.175  1962  2003 W PackageManager: Not removing non-existent package com.android.todolist
07-27 12:43:36.176  1962  2003 I ActivityManager: Force stopping com.android.todolist appid=10244 user=0: pkg removed
07-27 12:43:36.177  1962  2003 I AutoStartManagerService: MIUILOG- Reject RestartService packageName :com.android.todolist uid : 10244
07-27 12:43:36.279  1962  1992 W BroadcastQueue: Background execution not allowed: receiving Intent { act=android.intent.action.PACKAGE_REMOVED dat=package:com.android.todolist flg=0x4000010 (has extras) } to com.lbe.security.miui/com.lbe.security.service.BootReceiver
07-27 12:43:36.310  1962  2003 I PackageManagerServiceInjector: MIUILOG-onPackageDeleted: PackageEvent { mTimeStamp=2023-07-27 12:43:36 mAction=Uninstall mPackageName=com.android.todolist mReturnCode=-1 mReturnMsg= mVersionCode=-1 mVersionName=mInstallerPkgName=
07-27 12:43:36.324  1962  1992 W BroadcastQueue: Background execution not allowed: receiving Intent { act=android.intent.action.PACKAGE_REMOVED dat=package:com.android.todolist flg=0x4000010 (has extras) } to com.android.settings/.search.provider.UpdateReceiver
07-27 12:43:36.324  1962  1992 W BroadcastQueue: Background execution not allowed: receiving Intent { act=android.intent.action.PACKAGE_REMOVED dat=package:com.android.todolist flg=0x4000010 (has extras) } to com.android.vending/com.google.android.finsky.packagemonitor.impl.PackageMonitorReceiverImpl$RegisteredReceiver
07-27 12:43:36.325  1962  1992 W BroadcastQueue: Background execution not allowed: receiving Intent { act=android.intent.action.PACKAGE_REMOVED dat=package:com.android.todolist flg=0x4000010 (has extras) } to com.android.vending/com.google.android.finsky.packagemonitor.backgroundimpl.BackgroundPackageMonitorReceiverImpl$RegisteredReceiver
07-27 12:43:36.325  1962  1992 W BroadcastQueue: Background execution not allowed: receiving Intent { act=android.intent.action.PACKAGE_REMOVED dat=package:com.android.todolist flg=0x4000010 (has extras) } to com.android.vending/com.google.android.finsky.instantapps.appmanagement.InstantAppRemoveMonitor
07-27 12:43:36.331  1962  1992 W BroadcastQueue: Background execution not allowed: receiving Intent { act=android.intent.action.PACKAGE_REMOVED dat=package:com.android.todolist flg=0x4000010 (has extras) } to com.google.android.apps.maps/com.google.android.libraries.social.peoplekit.thirdparty.viewcontrollers.ThirdPartyReceiver
07-27 12:43:36.339  1962  1992 W BroadcastQueue: Background execution not allowed: receiving Intent { act=android.intent.action.PACKAGE_REMOVED dat=package:com.android.todolist flg=0x4000010 (has extras) } to com.google.android.gms/.games.chimera.GamesSystemBroadcastReceiverProxy
07-27 12:43:36.346  1962  1992 W BroadcastQueue: Background execution not allowed: receiving Intent { act=android.intent.action.PACKAGE_REMOVED dat=package:com.android.todolist flg=0x4000010 (has extras) } to com.google.android.gms/.chimera.GmsIntentOperationService$PersistentTrustedReceiver
07-27 12:43:36.347  1962  1992 W BroadcastQueue: Background execution not allowed: receiving Intent { act=android.intent.action.PACKAGE_REMOVED dat=package:com.android.todolist flg=0x4000010 (has extras) } to com.google.android.googlequicksearchbox/com.google.android.apps.gsa.googlequicksearchbox.GelStubAppWatcher
07-27 12:43:36.347  1962  1992 W BroadcastQueue: Background execution not allowed: receiving Intent { act=android.intent.action.PACKAGE_REMOVED dat=package:com.android.todolist flg=0x4000010 (has extras) } to com.miui.audioeffect/com.android.musicfx.Compatibility$Receiver
07-27 12:43:36.347  1962  1992 W BroadcastQueue: Background execution not allowed: receiving Intent { act=android.intent.action.PACKAGE_REMOVED dat=package:com.android.todolist flg=0x4000010 (has extras) } to com.xiaomi.discover/com.xiaomi.market.data.MyPackageMonitor
07-27 12:43:36.347  1962  1992 W BroadcastQueue: Background execution not allowed: receiving Intent { act=android.intent.action.PACKAGE_REMOVED dat=package:com.android.todolist flg=0x4000010 (has extras) } to com.xiaomi.misettings/.usagestats.AppTimerReceiver
07-27 12:43:36.347  1962  1992 W BroadcastQueue: Background execution not allowed: receiving Intent { act=android.intent.action.PACKAGE_REMOVED dat=package:com.android.todolist flg=0x4000010 (has extras) } to com.facebook.katana/com.facebook.feed.platformads.AppInstallReceiver
07-27 12:43:36.347  1962  1992 W BroadcastQueue: Background execution not allowed: receiving Intent { act=android.intent.action.PACKAGE_REMOVED dat=package:com.android.todolist flg=0x4000010 (has extras) } to com.google.android.apps.photos/com.google.android.libraries.social.peoplekit.thirdparty.viewcontrollers.ThirdPartyReceiver
07-27 12:43:36.347  1962  1992 W BroadcastQueue: Background execution not allowed: receiving Intent { act=android.intent.action.PACKAGE_REMOVED dat=package:com.android.todolist flg=0x4000010 (has extras) } to com.google.android.videos/com.google.android.libraries.social.peoplekit.thirdparty.viewcontrollers.ThirdPartyReceiver
07-27 12:43:38.323  1962  1962 I ConditionProviders: Disallowing condition provider com.android.todolist
07-27 12:43:38.361  1962  1992 W XSpaceManagerService: update XSpace App: packageName:com.android.todolist, user:UserHandle{0}, action:android.intent.action.PACKAGE_REMOVED
07-27 12:43:45.067  1962  2971 W BroadcastQueueInjector: Unable to launch app com.google.android.apps.photos/10211 for broadcast Intent { act=android.intent.action.PACKAGE_FULLY_REMOVED dat=package:com.android.todolist flg=0x5000010 (has extras) }: process is not permitted to  auto start
07-27 12:43:45.071  1962  1992 W BroadcastQueueInjector: Unable to launch app com.google.android.apps.photos/10211 for broadcast Intent { act=android.intent.action.PACKAGE_FULLY_REMOVED dat=package:com.android.todolist flg=0x5000010 (has extras) }: process is not permitted to  auto start
07-27 12:43:45.071  1962  1992 W BroadcastQueueInjector: Unable to launch app com.google.android.videos/10204 for broadcast Intent { act=android.intent.action.PACKAGE_FULLY_REMOVED dat=package:com.android.todolist flg=0x5000010 (has extras) }: process is not permitted to  auto start
07-27 12:43:45.072  1962  1992 W BroadcastQueueInjector: Unable to launch app ru.yandex.searchplugin/10212 for broadcast Intent { act=android.intent.action.PACKAGE_FULLY_REMOVED dat=package:com.android.todolist flg=0x5000010 (has extras) }: process is not permitted to  auto start
07-27 12:44:02.252  1962  2003 W PackageManager: Not removing non-existent package com.android.todolist
07-27 12:44:02.253  1962  2003 I PackageManagerServiceInjector: MIUILOG-onPackageDeleted: PackageEvent { mTimeStamp=2023-07-27 12:44:02 mAction=Uninstall mPackageName=com.android.todolist mReturnCode=-1 mReturnMsg= mVersionCode=-1 mVersionName=mInstallerPkgName=
07-27 12:45:05.795  1962  2003 V BackupManagerService: restoreAtInstall pkg=com.android.todolist token=5 restoreSet=0
07-27 12:45:05.796  1962  2003 I InstallationStatistic: com.android.todolist|null|5830|150|14|4901|460|0
07-27 12:45:05.816  1962  2113 I MiuiCompatModePackages: package com.android.todolist updated, removing config
07-27 12:45:05.829  1962  1992 W BroadcastQueue: Background execution not allowed: receiving Intent { act=android.intent.action.PACKAGE_ADDED dat=package:com.android.todolist flg=0x4000010 (has extras) } to com.lbe.security.miui/com.lbe.security.service.BootReceiver
07-27 12:45:05.838  1962  1992 W BroadcastQueue: Background execution not allowed: receiving Intent { act=android.intent.action.PACKAGE_ADDED dat=package:com.android.todolist flg=0x4000010 (has extras) } to com.google.android.packageinstaller/com.android.packageinstaller.PackageInstalledReceiver
07-27 12:45:05.840  1962  1992 W BroadcastQueue: Background execution not allowed: receiving Intent { act=android.intent.action.PACKAGE_ADDED dat=package:com.android.todolist flg=0x4000010 (has extras) } to com.android.settings/.search.provider.UpdateReceiver
07-27 12:45:05.841  1962  1992 W BroadcastQueue: Background execution not allowed: receiving Intent { act=android.intent.action.PACKAGE_ADDED dat=package:com.android.todolist flg=0x4000010 (has extras) } to com.android.vending/com.google.android.finsky.packagemonitor.impl.PackageMonitorReceiverImpl$RegisteredReceiver
07-27 12:45:05.841  1962  1992 W BroadcastQueue: Background execution not allowed: receiving Intent { act=android.intent.action.PACKAGE_ADDED dat=package:com.android.todolist flg=0x4000010 (has extras) } to com.android.vending/com.google.android.finsky.packagemonitor.backgroundimpl.BackgroundPackageMonitorReceiverImpl$RegisteredReceiver
07-27 12:45:05.841  1962  1992 W BroadcastQueue: Background execution not allowed: receiving Intent { act=android.intent.action.PACKAGE_ADDED dat=package:com.android.todolist flg=0x4000010 (has extras) } to com.facebook.appmanager/com.facebook.oxygen.common.packages.event.manifest.ManifestPackageEventReceiver
07-27 12:45:05.841  1962  1992 W BroadcastQueue: Background execution not allowed: receiving Intent { act=android.intent.action.PACKAGE_ADDED dat=package:com.android.todolist flg=0x4000010 (has extras) } to com.google.android.gms/.games.chimera.GamesSystemBroadcastReceiverProxy
07-27 12:45:05.848  1962  1992 W BroadcastQueue: Background execution not allowed: receiving Intent { act=android.intent.action.PACKAGE_ADDED dat=package:com.android.todolist flg=0x4000010 (has extras) } to com.google.android.gms/.gass.chimera.PackageChangeBroadcastReceiver
07-27 12:45:05.848  1962  1992 W BroadcastQueue: Background execution not allowed: receiving Intent { act=android.intent.action.PACKAGE_ADDED dat=package:com.android.todolist flg=0x4000010 (has extras) } to com.google.android.gms/.chimera.GmsIntentOperationService$PersistentTrustedReceiver
07-27 12:45:05.871  1962  1992 W BroadcastQueue: Background execution not allowed: receiving Intent { act=android.intent.action.PACKAGE_ADDED dat=package:com.android.todolist flg=0x4000010 (has extras) } to com.google.android.googlequicksearchbox/com.google.android.apps.gsa.googlequicksearchbox.GelStubAppWatcher
07-27 12:45:05.874  1962  1992 W BroadcastQueue: Background execution not allowed: receiving Intent { act=android.intent.action.PACKAGE_ADDED dat=package:com.android.todolist flg=0x4000010 (has extras) } to com.miui.audioeffect/com.android.musicfx.Compatibility$Receiver
07-27 12:45:05.879  1962  1992 W BroadcastQueue: Background execution not allowed: receiving Intent { act=android.intent.action.PACKAGE_ADDED dat=package:com.android.todolist flg=0x4000010 (has extras) } to com.xiaomi.discover/com.xiaomi.market.data.MyPackageMonitor
07-27 12:45:05.883  1962  1992 W BroadcastQueue: Background execution not allowed: receiving Intent { act=android.intent.action.PACKAGE_ADDED dat=package:com.android.todolist flg=0x4000010 (has extras) } to com.xiaomi.misettings/.usagestats.AppTimerReceiver
07-27 12:45:05.884  1962  1992 W BroadcastQueue: Background execution not allowed: receiving Intent { act=android.intent.action.PACKAGE_ADDED dat=package:com.android.todolist flg=0x4000010 (has extras) } to by.euanpa.schedulegrodno/com.appodeal.ads.AppodealPackageAddedReceiver
07-27 12:45:05.884  1962  1992 W BroadcastQueue: Background execution not allowed: receiving Intent { act=android.intent.action.PACKAGE_ADDED dat=package:com.android.todolist flg=0x4000010 (has extras) } to com.facebook.katana/com.facebook.feed.platformads.AppInstallReceiver
07-27 12:45:06.294  1962  1992 W XSpaceManagerService: update XSpace App: packageName:com.android.todolist, user:UserHandle{0}, action:android.intent.action.PACKAGE_ADDED
07-27 12:45:06.653  7005  7005 I FindDeviceGNReceiver: isReplace: false, packageName: package:com.android.todolist. 
07-27 12:45:17.495  1962  1992 I ActivityManager: Force stopping com.android.todolist appid=10245 user=-1: deletePackageX
07-27 12:45:17.821  1962  2003 I ActivityManager: Force stopping com.android.todolist appid=10245 user=0: pkg removed
07-27 12:45:17.822  1962  2003 I AutoStartManagerService: MIUILOG- Reject RestartService packageName :com.android.todolist uid : 10245
07-27 12:45:17.844  2462  2638 E InstallApkReceiver: uninstall:package:com.android.todolist
07-27 12:45:17.852  1962  1992 W BroadcastQueue: Background execution not allowed: receiving Intent { act=android.intent.action.PACKAGE_REMOVED dat=package:com.android.todolist flg=0x4000010 (has extras) } to com.lbe.security.miui/com.lbe.security.service.BootReceiver
07-27 12:45:17.873  1962  1992 W BroadcastQueue: Background execution not allowed: receiving Intent { act=android.intent.action.PACKAGE_REMOVED dat=package:com.android.todolist flg=0x4000010 (has extras) } to com.android.settings/.search.provider.UpdateReceiver
07-27 12:45:17.873  1962  1992 W BroadcastQueue: Background execution not allowed: receiving Intent { act=android.intent.action.PACKAGE_REMOVED dat=package:com.android.todolist flg=0x4000010 (has extras) } to com.android.vending/com.google.android.finsky.packagemonitor.impl.PackageMonitorReceiverImpl$RegisteredReceiver
07-27 12:45:17.874  1962  1992 W BroadcastQueue: Background execution not allowed: receiving Intent { act=android.intent.action.PACKAGE_REMOVED dat=package:com.android.todolist flg=0x4000010 (has extras) } to com.android.vending/com.google.android.finsky.packagemonitor.backgroundimpl.BackgroundPackageMonitorReceiverImpl$RegisteredReceiver
07-27 12:45:17.874  1962  1992 W BroadcastQueue: Background execution not allowed: receiving Intent { act=android.intent.action.PACKAGE_REMOVED dat=package:com.android.todolist flg=0x4000010 (has extras) } to com.android.vending/com.google.android.finsky.instantapps.appmanagement.InstantAppRemoveMonitor
07-27 12:45:17.874  1962  1992 W BroadcastQueue: Background execution not allowed: receiving Intent { act=android.intent.action.PACKAGE_REMOVED dat=package:com.android.todolist flg=0x4000010 (has extras) } to com.google.android.apps.maps/com.google.android.libraries.social.peoplekit.thirdparty.viewcontrollers.ThirdPartyReceiver
07-27 12:45:17.874  1962  1992 W BroadcastQueue: Background execution not allowed: receiving Intent { act=android.intent.action.PACKAGE_REMOVED dat=package:com.android.todolist flg=0x4000010 (has extras) } to com.google.android.gms/.games.chimera.GamesSystemBroadcastReceiverProxy
07-27 12:45:17.874  1962  1992 W BroadcastQueue: Background execution not allowed: receiving Intent { act=android.intent.action.PACKAGE_REMOVED dat=package:com.android.todolist flg=0x4000010 (has extras) } to com.google.android.gms/.chimera.GmsIntentOperationService$PersistentTrustedReceiver
07-27 12:45:17.876  1962  1992 W BroadcastQueue: Background execution not allowed: receiving Intent { act=android.intent.action.PACKAGE_REMOVED dat=package:com.android.todolist flg=0x4000010 (has extras) } to com.google.android.googlequicksearchbox/com.google.android.apps.gsa.googlequicksearchbox.GelStubAppWatcher
07-27 12:45:17.877  1962  1992 W BroadcastQueue: Background execution not allowed: receiving Intent { act=android.intent.action.PACKAGE_REMOVED dat=package:com.android.todolist flg=0x4000010 (has extras) } to com.miui.audioeffect/com.android.musicfx.Compatibility$Receiver
07-27 12:45:17.877  1962  1992 W BroadcastQueue: Background execution not allowed: receiving Intent { act=android.intent.action.PACKAGE_REMOVED dat=package:com.android.todolist flg=0x4000010 (has extras) } to com.xiaomi.discover/com.xiaomi.market.data.MyPackageMonitor
07-27 12:45:17.889  6029  6029 I Finsky  : [2] vvj.u(84): Package no longer installed: com.android.todolist
07-27 12:45:17.896  6029  6949 I Finsky  : [2588] ax.accept(65): Asset module storage cleared for package com.android.todolist.
07-27 12:45:17.896  1962  1992 W BroadcastQueue: Background execution not allowed: receiving Intent { act=android.intent.action.PACKAGE_REMOVED dat=package:com.android.todolist flg=0x4000010 (has extras) } to com.xiaomi.misettings/.usagestats.AppTimerReceiver
07-27 12:45:17.897  1962  1992 W BroadcastQueue: Background execution not allowed: receiving Intent { act=android.intent.action.PACKAGE_REMOVED dat=package:com.android.todolist flg=0x4000010 (has extras) } to com.facebook.katana/com.facebook.feed.platformads.AppInstallReceiver
07-27 12:45:17.897  1962  1992 W BroadcastQueue: Background execution not allowed: receiving Intent { act=android.intent.action.PACKAGE_REMOVED dat=package:com.android.todolist flg=0x4000010 (has extras) } to com.google.android.apps.photos/com.google.android.libraries.social.peoplekit.thirdparty.viewcontrollers.ThirdPartyReceiver
07-27 12:45:17.897  1962  1992 W BroadcastQueue: Background execution not allowed: receiving Intent { act=android.intent.action.PACKAGE_REMOVED dat=package:com.android.todolist flg=0x4000010 (has extras) } to com.google.android.videos/com.google.android.libraries.social.peoplekit.thirdparty.viewcontrollers.ThirdPartyReceiver
07-27 12:45:17.898  6966  7072 I ResidentChecker: check: StartScan pkg=com.android.todolist
07-27 12:45:17.923  6029  6029 I Finsky  : [2] jkt.f(9): AIM: AppInfoCacheUpdater -> invalidating apps: [com.android.todolist]
07-27 12:45:17.930  6029  6123 I Finsky  : [2519] jmo.a(66): AIM: AppInfoManager-Perf > OnDeviceAppInfo > cacheHitCount=0, cacheMissCount=1. Missed  in cache (limit 10) : [com.android.todolist]
07-27 12:45:17.947  6029  6029 I Finsky  : [2] vvj.u(84): Package no longer installed: com.android.todolist
07-27 12:45:17.990  6029  6029 W Finsky  : [2] aaon.b(133): STU: Failed to get storage stats for package 'com.android.todolist' (1601: Error getting stats: android.content.pm.PackageManager.NameNotFoundException)
07-27 12:45:18.147  1962  1962 I ConditionProviders: Disallowing condition provider com.android.todolist
07-27 12:45:18.205  1962  1992 W XSpaceManagerService: update XSpace App: packageName:com.android.todolist, user:UserHandle{0}, action:android.intent.action.PACKAGE_REMOVED
07-27 12:45:18.205  2462  2462 D Launcher.Model: LauncherAppsCallback onPackageRemoved|com.android.todolist|UserHandle{0}
07-27 12:45:18.205  2462  2655 D Launcher.Model: Got broadcast:Intent { act=android.intent.action.PACKAGE_REMOVED dat=package:com.android.todolist (has extras) }
07-27 12:45:18.208  2462  2655 D Launcher.LauncherUtils: android.content.pm.PackageManager$NameNotFoundException: com.android.todolist
07-27 12:45:18.208  2462  2655 D Launcher.LauncherUtils: app(com.android.todolist|UserHandle{0}) isDisable=false, backupProcessingPkg=null
07-27 12:45:18.208  2462  2655 D Launcher.LauncherUtils: android.content.pm.PackageManager$NameNotFoundException: com.android.todolist
07-27 12:45:18.209  2462  2655 D AutoInstallsParser: isPAIPackageName: com.android.todolist
07-27 12:45:18.219  2462  2655 D Launcher.Model: onReceiveBackground, mAllAppsList=add=[], remove=[(0, AppInfo, id=-1, itemType=0, user=UserHandle{0}, mIconType=0, pkgName=com.android.todolist, className=com.android.todolist.MainActivity, screenId=-1, container=-1, cellX=-1, cellY=-1, spanX=1, spanY=1, isLandscapePos=false)], modified=[]
07-27 12:45:18.220  2462  2462 D Launcher: remove icon when bind apps removed:ShortcutInfo, id=63, itemType=0, user=UserHandle{0}, mIconType=0, pkgName=com.android.todolist, className=com.android.todolist.MainActivity, screenId=2, container=-100, cellX=3, cellY=2, spanX=1, spanY=1, isLandscapePos=false
07-27 12:45:18.220  2462  2462 D Launcher: removeShortcutIcon, remove icon from CellLayout, info=ShortcutInfo, id=63, itemType=0, user=UserHandle{0}, mIconType=0, pkgName=com.android.todolist, className=com.android.todolist.MainActivity, screenId=2, container=-100, cellX=3, cellY=2, spanX=1, spanY=1, isLandscapePos=false
07-27 12:45:18.220  2462  2462 D Launcher.CellLayout: remove icon for ShortcutInfo, id=63, itemType=0, user=UserHandle{0}, mIconType=0, pkgName=com.android.todolist, className=com.android.todolist.MainActivity, screenId=2, container=-100, cellX=3, cellY=2, spanX=1, spanY=1, isLandscapePos=false
07-27 12:45:18.220  2462  2462 D Launcher.CellLayout: updateCellOccupiedMarks, remove, ShortcutInfo, id=63, itemType=0, user=UserHandle{0}, mIconType=0, pkgName=com.android.todolist, className=com.android.todolist.MainActivity, screenId=2, container=-100, cellX=3, cellY=2, spanX=1, spanY=1, isLandscapePos=false
07-27 12:45:18.221  2462  2462 D Launcher: removeShortcutIcon, info=(ShortcutInfo, id=63, itemType=0, user=UserHandle{0}, mIconType=0, pkgName=com.android.todolist, className=com.android.todolist.MainActivity, screenId=2, container=-100, cellX=3, cellY=2, spanX=1, spanY=1, isLandscapePos=false), addedLater=false, removeFromDB=true
07-27 12:45:18.221  2462  2462 D Launcher.Model: deleteItemFromDatabase, item=ShortcutInfo, id=63, itemType=0, user=UserHandle{0}, mIconType=0, pkgName=com.android.todolist, className=com.android.todolist.MainActivity, screenId=2, container=-100, cellX=3, cellY=2, spanX=1, spanY=1, isLandscapePos=false
07-27 12:45:18.634  6029  6029 I Finsky  : [2] vvj.u(84): Package no longer installed: com.android.todolist
07-27 12:45:19.222  6240  6956 W System.err: android.content.pm.PackageManager$NameNotFoundException: com.android.todolist
07-27 12:45:21.643  7527  7527 I VSC-AppInstallReceiver: action: android.intent.action.PACKAGE_FULLY_REMOVED, packageName: com.android.todolist
07-27 12:45:21.655  1962  3473 W BroadcastQueueInjector: Unable to launch app com.google.android.apps.photos/10211 for broadcast Intent { act=android.intent.action.PACKAGE_FULLY_REMOVED dat=package:com.android.todolist flg=0x5000010 (has extras) }: process is not permitted to  auto start
07-27 12:45:21.658  1962  1992 W BroadcastQueueInjector: Unable to launch app com.google.android.apps.photos/10211 for broadcast Intent { act=android.intent.action.PACKAGE_FULLY_REMOVED dat=package:com.android.todolist flg=0x5000010 (has extras) }: process is not permitted to  auto start
07-27 12:45:21.658  1962  1992 W BroadcastQueueInjector: Unable to launch app com.google.android.videos/10204 for broadcast Intent { act=android.intent.action.PACKAGE_FULLY_REMOVED dat=package:com.android.todolist flg=0x5000010 (has extras) }: process is not permitted to  auto start
07-27 12:45:21.659  1962  1992 W BroadcastQueueInjector: Unable to launch app ru.yandex.searchplugin/10212 for broadcast Intent { act=android.intent.action.PACKAGE_FULLY_REMOVED dat=package:com.android.todolist flg=0x5000010 (has extras) }: process is not permitted to  auto start
07-27 12:45:43.492  6029  6029 I Finsky  : [2] agkx.c(75): VerifyApps: Install-time verification requested for package com.android.todolist, id = 5
07-27 12:45:43.497  6029  6918 I Finsky  : [2584] VerifyAppsInstallTask.akr(58): VerifyApps: Anti-malware verification task started for package=com.android.todolist
07-27 12:45:43.767  6029  6029 I Finsky  : [2] VerifyInstallTask.akq(53): VerifyApps: Verification complete: id=5, package_name=com.android.todolist
07-27 12:45:43.938  1962  2003 V BackupManagerService: restoreAtInstall pkg=com.android.todolist token=6 restoreSet=0
07-27 12:45:43.938  1962  2003 I InstallationStatistic: com.android.todolist|null|3655|178|15|2943|279|0
07-27 12:45:43.953  1962  2113 I MiuiCompatModePackages: package com.android.todolist updated, removing config
07-27 12:45:43.979  4618  4618 I WakePathManager: PackageMonitor. onPackageAdded: packageName =com.android.todolist
07-27 12:45:43.981  1962  1992 W BroadcastQueue: Background execution not allowed: receiving Intent { act=android.intent.action.PACKAGE_ADDED dat=package:com.android.todolist flg=0x4000010 (has extras) } to com.lbe.security.miui/com.lbe.security.service.BootReceiver
07-27 12:45:43.981  1962  1992 W BroadcastQueue: Background execution not allowed: receiving Intent { act=android.intent.action.PACKAGE_ADDED dat=package:com.android.todolist flg=0x4000010 (has extras) } to com.google.android.packageinstaller/com.android.packageinstaller.PackageInstalledReceiver
07-27 12:45:43.981  1962  1992 W BroadcastQueue: Background execution not allowed: receiving Intent { act=android.intent.action.PACKAGE_ADDED dat=package:com.android.todolist flg=0x4000010 (has extras) } to com.android.settings/.search.provider.UpdateReceiver
07-27 12:45:43.984  1962  1992 W BroadcastQueue: Background execution not allowed: receiving Intent { act=android.intent.action.PACKAGE_ADDED dat=package:com.android.todolist flg=0x4000010 (has extras) } to com.android.vending/com.google.android.finsky.packagemonitor.impl.PackageMonitorReceiverImpl$RegisteredReceiver
07-27 12:45:44.000  6029  6114 I Finsky  : [2516] jmo.a(66): AIM: AppInfoManager-Perf > OnDeviceAppInfo > cacheHitCount=0, cacheMissCount=1. Missed  in cache (limit 10) : [com.android.todolist]
07-27 12:45:44.000  6029  6949 I Finsky  : [2588] ax.accept(65): Asset module storage cleared for package com.android.todolist.
07-27 12:45:44.003  2432  2432 D ImsResolver: maybeAddedImsService, packageName: com.android.todolist
07-27 12:45:44.028  6029  6029 I Finsky  : [2] jkt.f(9): AIM: AppInfoCacheUpdater -> invalidating apps: [com.android.todolist]
07-27 12:45:44.029  6029  6105 I Finsky  : [2508] jmo.a(66): AIM: AppInfoManager-Perf > OnDeviceAppInfo > cacheHitCount=0, cacheMissCount=1. Missed  in cache (limit 10) : [com.android.todolist]
07-27 12:45:44.034  1962  1992 W BroadcastQueue: Background execution not allowed: receiving Intent { act=android.intent.action.PACKAGE_ADDED dat=package:com.android.todolist flg=0x4000010 (has extras) } to com.android.vending/com.google.android.finsky.packagemonitor.backgroundimpl.BackgroundPackageMonitorReceiverImpl$RegisteredReceiver
07-27 12:45:44.054  1962  1992 W BroadcastQueue: Background execution not allowed: receiving Intent { act=android.intent.action.PACKAGE_ADDED dat=package:com.android.todolist flg=0x4000010 (has extras) } to com.facebook.appmanager/com.facebook.oxygen.common.packages.event.manifest.ManifestPackageEventReceiver
07-27 12:45:44.054  1962  1992 W BroadcastQueue: Background execution not allowed: receiving Intent { act=android.intent.action.PACKAGE_ADDED dat=package:com.android.todolist flg=0x4000010 (has extras) } to com.google.android.gms/.games.chimera.GamesSystemBroadcastReceiverProxy
07-27 12:45:44.055  1962  1992 W BroadcastQueue: Background execution not allowed: receiving Intent { act=android.intent.action.PACKAGE_ADDED dat=package:com.android.todolist flg=0x4000010 (has extras) } to com.google.android.gms/.gass.chimera.PackageChangeBroadcastReceiver
07-27 12:45:44.055  1962  1992 W XSpaceManagerService: update XSpace App: packageName:com.android.todolist, user:UserHandle{0}, action:android.intent.action.PACKAGE_ADDED
07-27 12:45:44.055  1962  1992 W BroadcastQueue: Background execution not allowed: receiving Intent { act=android.intent.action.PACKAGE_ADDED dat=package:com.android.todolist flg=0x4000010 (has extras) } to com.google.android.gms/.chimera.GmsIntentOperationService$PersistentTrustedReceiver
07-27 12:45:44.055  1962  1992 W BroadcastQueue: Background execution not allowed: receiving Intent { act=android.intent.action.PACKAGE_ADDED dat=package:com.android.todolist flg=0x4000010 (has extras) } to com.google.android.googlequicksearchbox/com.google.android.apps.gsa.googlequicksearchbox.GelStubAppWatcher
07-27 12:45:44.055  1962  1992 W BroadcastQueue: Background execution not allowed: receiving Intent { act=android.intent.action.PACKAGE_ADDED dat=package:com.android.todolist flg=0x4000010 (has extras) } to com.miui.audioeffect/com.android.musicfx.Compatibility$Receiver
07-27 12:45:44.055  1962  1992 W BroadcastQueue: Background execution not allowed: receiving Intent { act=android.intent.action.PACKAGE_ADDED dat=package:com.android.todolist flg=0x4000010 (has extras) } to com.xiaomi.discover/com.xiaomi.market.data.MyPackageMonitor
07-27 12:45:44.055  1962  1992 W BroadcastQueue: Background execution not allowed: receiving Intent { act=android.intent.action.PACKAGE_ADDED dat=package:com.android.todolist flg=0x4000010 (has extras) } to com.xiaomi.misettings/.usagestats.AppTimerReceiver
07-27 12:45:44.056  1962  1992 W BroadcastQueue: Background execution not allowed: receiving Intent { act=android.intent.action.PACKAGE_ADDED dat=package:com.android.todolist flg=0x4000010 (has extras) } to by.euanpa.schedulegrodno/com.appodeal.ads.AppodealPackageAddedReceiver
07-27 12:45:44.056  1962  1992 W BroadcastQueue: Background execution not allowed: receiving Intent { act=android.intent.action.PACKAGE_ADDED dat=package:com.android.todolist flg=0x4000010 (has extras) } to com.facebook.katana/com.facebook.feed.platformads.AppInstallReceiver
07-27 12:45:44.114  2462  2655 E Launcher.AllAppsList: Can't load postion for packageName: com.android.todolist activityName: com.android.todolist.MainActivity
07-27 12:45:44.123  2462  2655 D AutoInstallsParser: isPAIPackageName: com.android.todolist
07-27 12:45:44.126  2462  2655 D Launcher.Model: onReceiveBackground, mAllAppsList=add=[(0, AppInfo, id=-1, itemType=0, user=UserHandle{0}, mIconType=0, pkgName=com.android.todolist, className=com.android.todolist.MainActivity, screenId=-1, container=-1, cellX=-1, cellY=-1, spanX=1, spanY=1, isLandscapePos=false)], remove=[], modified=[]
07-27 12:45:44.126  2462  2462 D Launcher: add item to launcher when bind apps added, info=ShortcutInfo, id=-1, itemType=0, user=UserHandle{0}, mIconType=0, pkgName=com.android.todolist, className=com.android.todolist.MainActivity, screenId=-1, container=-1, cellX=-1, cellY=-1, spanX=1, spanY=1, isLandscapePos=false
07-27 12:45:44.126  2462  2462 D Launcher: addItemToWorkspace, add item into db, item=ShortcutInfo, id=-1, itemType=0, user=UserHandle{0}, mIconType=0, pkgName=com.android.todolist, className=com.android.todolist.MainActivity, screenId=2, container=-100, cellX=3, cellY=2, spanX=1, spanY=1, isLandscapePos=false
07-27 12:45:44.126  2462  2462 D Launcher.Model: Insert item com.android.todolist to database (3, 2) of screen 2
07-27 12:45:44.127  2462  2655 D Launcher.ShortcutInfo: onAddToDatabase, this=ShortcutInfo, id=64, itemType=0, user=UserHandle{0}, mIconType=0, pkgName=com.android.todolist, className=com.android.todolist.MainActivity, screenId=2, container=-100, cellX=3, cellY=2, spanX=1, spanY=1, isLandscapePos=false
07-27 12:45:44.127  2462  2462 D Launcher.CellLayout: updateCellOccupiedMarks, update, ShortcutInfo, id=64, itemType=0, user=UserHandle{0}, mIconType=0, pkgName=com.android.todolist, className=com.android.todolist.MainActivity, screenId=2, container=-100, cellX=3, cellY=2, spanX=1, spanY=1, isLandscapePos=false
07-27 12:45:44.168  2462  2462 D Launcher.CellLayout: updateCellOccupiedMarks, update, ShortcutInfo, id=64, itemType=0, user=UserHandle{0}, mIconType=0, pkgName=com.android.todolist, className=com.android.todolist.MainActivity, screenId=2, container=-100, cellX=3, cellY=2, spanX=1, spanY=1, isLandscapePos=false
07-27 12:45:44.425  7685  7685 I PI-ScanDispatch: service bind, pkgName = com.android.todolist, installer = null, isReplace = false, firstGoogleTime = 1684004759836
07-27 12:45:44.475  7709  7709 I FindDeviceGNReceiver: isReplace: false, packageName: package:com.android.todolist. 
07-27 12:47:50.235  2462  2462 D Launcher.CellLayout: touch item:ShortcutInfo, id=64, itemType=0, user=UserHandle{0}, mIconType=0, pkgName=com.android.todolist, className=com.android.todolist.MainActivity, screenId=2, container=-100, cellX=3, cellY=2, spanX=1, spanY=1, isLandscapePos=false
07-27 12:47:50.328  1962  3415 I ActivityTaskManager: START u0 {act=android.intent.action.MAIN cat=[android.intent.category.LAUNCHER] flg=0x10200000 cmp=com.android.todolist/.MainActivity bnds=[843,777][1011,945] (has extras)} from uid 10092
07-27 12:47:50.344  2462  2462 D Launcher.ShortcutInfo: onAddToDatabase, this=ShortcutInfo, id=64, itemType=0, user=UserHandle{0}, mIconType=0, pkgName=com.android.todolist, className=com.android.todolist.MainActivity, screenId=2, container=-100, cellX=3, cellY=2, spanX=1, spanY=1, isLandscapePos=false
07-27 12:47:50.345  2462  2462 D Launcher.Model: updateItemInDatabase, item=ShortcutInfo, id=64, itemType=0, user=UserHandle{0}, mIconType=0, pkgName=com.android.todolist, className=com.android.todolist.MainActivity, screenId=2, container=-100, cellX=3, cellY=2, spanX=1, spanY=1, isLandscapePos=false
07-27 12:47:50.364  5314  5774 D AppStatChecker: first launch package: com.android.todolist
07-27 12:47:50.371  1962  1993 D Boost   : hostingType=activity, hostingName={com.android.todolist/com.android.todolist.MainActivity}, callerPackage=com.miui.home, isSystem=true, isBoostNeeded=false.
07-27 12:47:50.377  1088  1088 D OemNetd : setPidForPackage: packageName=com.android.todolist, pid=8384, pid=10246
07-27 12:47:50.377  1962  1993 I ActivityManager: Start proc 8384:com.android.todolist/u0a246 for activity {com.android.todolist/com.android.todolist.MainActivity} caller=com.miui.home
07-27 12:47:50.452  7866 16394 D AutoInstallService: onForegroundInfoChanged: com.android.todolist
07-27 12:47:50.452  4771  5037 D PerfEngineController: ForegroundInfo{mForegroundPackageName='com.android.todolist', mForegroundUid=10246, mForegroundPid=8384, mLastForegroundPackageName='com.miui.home', mLastForegroundUid=10092, mLastForegroundPid=2462, mMultiWindowForegroundPackageName='null', mMultiWindowForegroundUid=-1, mFlags=1}
07-27 12:47:50.452  4778  7130 I GST     : forePkg: com.android.todolist, preForePkg: com.miui.home
07-27 12:47:50.452  1962  1988 D PeriodicCleaner: com.android.todolist re-installed, NewAppId=10246, OldAppId=10244
07-27 12:47:50.596  8390  8390 D AppActiveReceiver: receive app active broadcast for: com.android.todolist, install from: null
07-27 12:47:50.686  8384  8384 W ndroid.todolist: type=1400 audit(0.0:4216): avc: denied { read } for name="u:object_r:vendor_displayfeature_prop:s0" dev="tmpfs" ino=13234 scontext=u:r:untrusted_app_27:s0:c246,c256,c512,c768 tcontext=u:object_r:vendor_displayfeature_prop:s0 tclass=file permissive=0
07-27 12:47:50.698  8384  8444 E Perf    : Fail to get file list com.android.todolist
07-27 12:47:50.698  8384  8444 E Perf    : Fail to get file list com.android.todolist
07-27 12:47:50.811  8384  8384 D ForceDarkHelper: updateByCheckExcludeList: pkg: com.android.todolist activity: com.android.todolist.MainActivity@1ef08b2
07-27 12:47:50.815  8384  8384 D ForceDarkHelper: updateByCheckExcludeList: pkg: com.android.todolist activity: com.android.todolist.MainActivity@1ef08b2
07-27 12:47:50.822  8384  8384 I chatty  : uid=10246(com.android.todolist) identical 21 lines
07-27 12:47:50.824  8384  8384 D ForceDarkHelper: updateByCheckExcludeList: pkg: com.android.todolist activity: com.android.todolist.MainActivity@1ef08b2
07-27 12:47:50.838  8384  8384 D ForceDarkHelper: updateByCheckExcludeList: pkg: com.android.todolist activity: com.android.todolist.MainActivity@1ef08b2
07-27 12:47:50.850  8384  8384 D ForceDarkHelper: updateByCheckExcludeList: pkg: com.android.todolist activity: com.android.todolist.MainActivity@1ef08b2
07-27 12:47:50.876  8384  8384 D ForceDarkHelper: updateByCheckExcludeList: pkg: com.android.todolist activity: com.android.todolist.MainActivity@1ef08b2
07-27 12:47:50.897  8384  8384 D ForceDarkHelper: updateByCheckExcludeList: pkg: com.android.todolist activity: com.android.todolist.MainActivity@1ef08b2
07-27 12:47:50.913  8384  8384 D ForceDarkHelper: updateByCheckExcludeList: pkg: com.android.todolist activity: com.android.todolist.MainActivity@1ef08b2
07-27 12:47:50.952  8384  8384 D ForceDarkHelper: updateByCheckExcludeList: pkg: com.android.todolist activity: com.android.todolist.MainActivity@1ef08b2
07-27 12:47:50.962  8384  8384 D ForceDarkHelper: updateByCheckExcludeList: pkg: com.android.todolist activity: com.android.todolist.MainActivity@1ef08b2
07-27 12:47:50.970  8384  8384 D ForceDarkHelper: updateByCheckExcludeList: pkg: com.android.todolist activity: com.android.todolist.MainActivity@1ef08b2
07-27 12:47:51.045  8384  8384 W Looper  : Slow Looper main: Activity com.android.todolist/.MainActivity is 574ms late (wall=0ms running=1ms ClientTransaction{ callbacks=[android.app.servertransaction.TopResumedActivityChangeItem] }) because of 2 msg, msg 1 took 230ms (seq=2 running=208ms runnable=5ms io=1ms late=4ms h=android.app.ActivityThread$H w=110), msg 2 took 346ms (seq=3 running=311ms runnable=7ms io=2ms late=231ms h=android.app.ActivityThread$H w=159)
07-27 12:47:51.103  8384  8384 D ForceDarkHelper: updateByCheckExcludeList: pkg: com.android.todolist activity: com.android.todolist.MainActivity@1ef08b2
07-27 12:47:51.148  8384  8384 D ForceDarkHelper: updateByCheckExcludeList: pkg: com.android.todolist activity: com.android.todolist.MainActivity@1ef08b2
07-27 12:47:51.325  1962  1983 I Timeline: Timeline: Activity_windows_visible id: ActivityRecord{bb9c391 u0 com.android.todolist/.MainActivity t97} time:5507313
07-27 12:47:51.372 10483 10483 I GoogleInputMethodService: GoogleInputMethodService.onStartInput():1909 onStartInput(EditorInfo{inputType=0x0(NULL) imeOptions=0x0 privateImeOptions=null actionName=UNSPECIFIED actionLabel=null actionId=0 initialSelStart=-1 initialSelEnd=-1 initialCapsMode=0x0 hintT